<?xml version="1.0" encoding="UTF-8" ?>
<testsuite tests="4" failures="0" name="com.siva.java_dsa.set.HashSetClsTest" time="0.002" errors="0" skipped="0">
  <properties>
[...]
</properties>
  <testcase classname="com.siva.java_dsa.set.HashSetClsTest" name="testAddAllElementsForException" time="0.002"/>
  <testcase classname="com.siva.java_dsa.set.HashSetClsTest" name="testSize" time="0"/>
  <testcase classname="com.siva.java_dsa.set.HashSetClsTest" name="testAddAllElements" time="0"/>
  <testcase classname="com.siva.java_dsa.set.HashSetClsTest" name="testGetStrHashSet" time="0"/>
</testsuite>